Start testing: May 31 20:10 UTC
----------------------------------------------------------
1/18 Testing: JUnit-common
1/18 Test: JUnit-common
Command: "/usr/local/bin/cmake" "-D" "RUNTIME_JAVA_OPTS=" "-D" "SINGLEBUNDLE=Common tests" "-P" "/tmp/workspace/xexes/sevenzipjbinding/build-test/JUnitRunner.cmake"
Directory: /tmp/workspace/xexes/sevenzipjbinding/build-test
"JUnit-common" start time: May 31 20:10 UTC
Output:
----------------------------------------------------------
JUnit version 4.11
== TEST CONFIGURATION ==================================
TEST_PROFILE               : DEFAULT
TEST_REPEAT_SINGLETHREADED : 2
TEST_REPEAT_MULTITHREADED  : 2
TEST_MULTITHREADED_THREADS : 2
TEST_TIMEOUT               : 600 seconds
TEST_LONG_RUNNING          : false
TEST_TRACE                 : false
TEST_ON_LOW_MEMORY         : false
========================================================
..WARNING! SevenZip native libraray was build without object tracing debug function.
..............................................................................................................................................................
................................................................................................................................................................
................................................................................................................................................................
.......................................................
Time: 0.311

OK (268 tests)

<end of output>
Test time =   0.62 sec
----------------------------------------------------------
Test Passed.
"JUnit-common" end time: May 31 20:10 UTC
"JUnit-common" time elapsed: 00:00:00
----------------------------------------------------------

2/18 Testing: JUnit-common-no-privileged-init
2/18 Test: JUnit-common-no-privileged-init
Command: "/usr/local/bin/cmake" "-D" "RUNTIME_JAVA_OPTS=" "-D" "SINGLEBUNDLE=Common tests" "-D" "JAVA_OPT=-Dsevenzip.no_doprivileged_initialization%3D1" "-P" "/tmp/workspace/xexes/sevenzipjbinding/build-test/JUnitRunner.cmake"
Directory: /tmp/workspace/xexes/sevenzipjbinding/build-test
"JUnit-common-no-privileged-init" start time: May 31 20:10 UTC
Output:
----------------------------------------------------------
JUnit version 4.11
== TEST CONFIGURATION ==================================
TEST_PROFILE               : DEFAULT
TEST_REPEAT_SINGLETHREADED : 2
TEST_REPEAT_MULTITHREADED  : 2
TEST_MULTITHREADED_THREADS : 2
TEST_TIMEOUT               : 600 seconds
TEST_LONG_RUNNING          : false
TEST_TRACE                 : false
TEST_ON_LOW_MEMORY         : false
========================================================
..WARNING! SevenZip native libraray was build without object tracing debug function.
..............................................................................................................................................................
................................................................................................................................................................
................................................................................................................................................................
.......................................................
Time: 0.33

OK (268 tests)

<end of output>
Test time =   0.56 sec
----------------------------------------------------------
Test Passed.
"JUnit-common-no-privileged-init" end time: May 31 20:11 UTC
"JUnit-common-no-privileged-init" time elapsed: 00:00:00
----------------------------------------------------------

3/18 Testing: JUnit-init-std-1
3/18 Test: JUnit-init-std-1
Command: "/usr/local/bin/cmake" "-D" "RUNTIME_JAVA_OPTS=" "-D" "SINGLEBUNDLE=Init tests (Std) 1" "-D" "JAVA_OPT=-Dsevenziptest.standard_initialization_test_phase%3D1" "-P" "/tmp/workspace/xexes/sevenzipjbinding/build-test/JUnitRunner.cmake"
Directory: /tmp/workspace/xexes/sevenzipjbinding/build-test
"JUnit-init-std-1" start time: May 31 20:11 UTC
Output:
----------------------------------------------------------
JUnit version 4.11
.
Time: 0.033

OK (1 test)

<end of output>
Test time =   0.17 sec
----------------------------------------------------------
Test Passed.
"JUnit-init-std-1" end time: May 31 20:11 UTC
"JUnit-init-std-1" time elapsed: 00:00:00
----------------------------------------------------------

4/18 Testing: JUnit-init-std-2
4/18 Test: JUnit-init-std-2
Command: "/usr/local/bin/cmake" "-D" "RUNTIME_JAVA_OPTS=" "-D" "SINGLEBUNDLE=Init tests (Std) 2" "-D" "JAVA_OPT=-Dsevenziptest.standard_initialization_test_phase%3D2" "-P" "/tmp/workspace/xexes/sevenzipjbinding/build-test/JUnitRunner.cmake"
Directory: /tmp/workspace/xexes/sevenzipjbinding/build-test
"JUnit-init-std-2" start time: May 31 20:11 UTC
Output:
----------------------------------------------------------
JUnit version 4.11
.
Time: 0.004

OK (1 test)

<end of output>
Test time =   0.15 sec
----------------------------------------------------------
Test Passed.
"JUnit-init-std-2" end time: May 31 20:11 UTC
"JUnit-init-std-2" time elapsed: 00:00:00
----------------------------------------------------------

5/18 Testing: JUnit-init-verify-1
5/18 Test: JUnit-init-verify-1
Command: "/usr/local/bin/cmake" "-D" "RUNTIME_JAVA_OPTS=" "-D" "SINGLEBUNDLE=Init tests (Verify) 1" "-D" "JAVA_OPT=-Dsevenziptest.standard_initialization_test_phase%3D1" "-P" "/tmp/workspace/xexes/sevenzipjbinding/build-test/JUnitRunner.cmake"
Directory: /tmp/workspace/xexes/sevenzipjbinding/build-test
"JUnit-init-verify-1" start time: May 31 20:11 UTC
Output:
----------------------------------------------------------
JUnit version 4.11
.
Time: 0.032

OK (1 test)

<end of output>
Test time =   0.17 sec
----------------------------------------------------------
Test Passed.
"JUnit-init-verify-1" end time: May 31 20:11 UTC
"JUnit-init-verify-1" time elapsed: 00:00:00
----------------------------------------------------------

6/18 Testing: JUnit-init-verify-2
6/18 Test: JUnit-init-verify-2
Command: "/usr/local/bin/cmake" "-D" "RUNTIME_JAVA_OPTS=" "-D" "SINGLEBUNDLE=Init tests (Verify) 2" "-D" "JAVA_OPT=-Dsevenziptest.standard_initialization_test_phase%3D2" "-P" "/tmp/workspace/xexes/sevenzipjbinding/build-test/JUnitRunner.cmake"
Directory: /tmp/workspace/xexes/sevenzipjbinding/build-test
"JUnit-init-verify-2" start time: May 31 20:11 UTC
Output:
----------------------------------------------------------
JUnit version 4.11
.
Time: 0.047

OK (1 test)

<end of output>
Test time =   0.19 sec
----------------------------------------------------------
Test Passed.
"JUnit-init-verify-2" end time: May 31 20:11 UTC
"JUnit-init-verify-2" time elapsed: 00:00:00
----------------------------------------------------------

7/18 Testing: JUnit-tools
7/18 Test: JUnit-tools
Command: "/usr/local/bin/cmake" "-D" "RUNTIME_JAVA_OPTS=" "-D" "SINGLEBUNDLE=Tools tests" "-P" "/tmp/workspace/xexes/sevenzipjbinding/build-test/JUnitRunner.cmake"
Directory: /tmp/workspace/xexes/sevenzipjbinding/build-test
"JUnit-tools" start time: May 31 20:11 UTC
Output:
----------------------------------------------------------
JUnit version 4.11
== TEST CONFIGURATION ==================================
TEST_PROFILE               : DEFAULT
TEST_REPEAT_SINGLETHREADED : 2
TEST_REPEAT_MULTITHREADED  : 2
TEST_MULTITHREADED_THREADS : 2
TEST_TIMEOUT               : 600 seconds
TEST_LONG_RUNNING          : false
TEST_TRACE                 : false
TEST_ON_LOW_MEMORY         : false
========================================================
....................................................................................................................................................................................................................................................................................................................................................................................................................................................................................................................................................................................................................................................................................................................................................................................................................................................................................................................................................................................................................................................................................................................................................................WARNING! SevenZip native libraray was build without object tracing debug function.
.................................................................................................................................................................................................................................................
...........................................................................................................................................................................................................................................................................................................................................................
Time: 0.341

OK (1590 tests)

<end of output>
Test time =   0.58 sec
----------------------------------------------------------
Test Passed.
"JUnit-tools" end time: May 31 20:11 UTC
"JUnit-tools" time elapsed: 00:00:00
----------------------------------------------------------

8/18 Testing: JUnit-snippets
8/18 Test: JUnit-snippets
Command: "/usr/local/bin/cmake" "-D" "RUNTIME_JAVA_OPTS=" "-D" "SINGLEBUNDLE=Snippets tests" "-P" "/tmp/workspace/xexes/sevenzipjbinding/build-test/JUnitRunner.cmake"
Directory: /tmp/workspace/xexes/sevenzipjbinding/build-test
"JUnit-snippets" start time: May 31 20:11 UTC
Output:
----------------------------------------------------------
JUnit version 4.11
...........................
Time: 0.238

OK (27 tests)

<end of output>
Test time =   0.39 sec
----------------------------------------------------------
Test Passed.
"JUnit-snippets" end time: May 31 20:11 UTC
"JUnit-snippets" time elapsed: 00:00:00
----------------------------------------------------------

9/18 Testing: JUnit-snippets-no-privileged-init
9/18 Test: JUnit-snippets-no-privileged-init
Command: "/usr/local/bin/cmake" "-D" "RUNTIME_JAVA_OPTS=" "-D" "SINGLEBUNDLE=Snippets tests" "-D" "JAVA_OPT=-Dsevenzip.no_doprivileged_initialization%3D1" "-P" "/tmp/workspace/xexes/sevenzipjbinding/build-test/JUnitRunner.cmake"
Directory: /tmp/workspace/xexes/sevenzipjbinding/build-test
"JUnit-snippets-no-privileged-init" start time: May 31 20:11 UTC
Output:
----------------------------------------------------------
JUnit version 4.11
...........................
Time: 0.23

OK (27 tests)

<end of output>
Test time =   0.39 sec
----------------------------------------------------------
Test Passed.
"JUnit-snippets-no-privileged-init" end time: May 31 20:11 UTC
"JUnit-snippets-no-privileged-init" time elapsed: 00:00:00
----------------------------------------------------------

10/18 Testing: JUnit-encoding-utf-8
10/18 Test: JUnit-encoding-utf-8
Command: "/usr/local/bin/cmake" "-D" "RUNTIME_JAVA_OPTS=" "-D" "SINGLEBUNDLE=Encoding tests 1" "-D" "JAVA_OPT=-Dfile.encoding%3DUTF8" "-P" "/tmp/workspace/xexes/sevenzipjbinding/build-test/JUnitRunner.cmake"
Directory: /tmp/workspace/xexes/sevenzipjbinding/build-test
"JUnit-encoding-utf-8" start time: May 31 20:11 UTC
Output:
----------------------------------------------------------
JUnit version 4.11
== TEST CONFIGURATION ==================================
TEST_PROFILE               : DEFAULT
TEST_REPEAT_SINGLETHREADED : 2
TEST_REPEAT_MULTITHREADED  : 2
TEST_MULTITHREADED_THREADS : 2
TEST_TIMEOUT               : 600 seconds
TEST_LONG_RUNNING          : false
TEST_TRACE                 : false
TEST_ON_LOW_MEMORY         : false
========================================================
..WARNING! SevenZip native libraray was build without object tracing debug function.
..
Time: 0.093

OK (2 tests)

<end of output>
Test time =   0.26 sec
----------------------------------------------------------
Test Passed.
"JUnit-encoding-utf-8" end time: May 31 20:11 UTC
"JUnit-encoding-utf-8" time elapsed: 00:00:00
----------------------------------------------------------

11/18 Testing: JUnit-encoding-cp1252
11/18 Test: JUnit-encoding-cp1252
Command: "/usr/local/bin/cmake" "-D" "RUNTIME_JAVA_OPTS=" "-D" "SINGLEBUNDLE=Encoding tests 2" "-D" "JAVA_OPT=-Dfile.encoding%3DCP1252" "-P" "/tmp/workspace/xexes/sevenzipjbinding/build-test/JUnitRunner.cmake"
Directory: /tmp/workspace/xexes/sevenzipjbinding/build-test
"JUnit-encoding-cp1252" start time: May 31 20:11 UTC
Output:
----------------------------------------------------------
JUnit version 4.11
== TEST CONFIGURATION ==================================
TEST_PROFILE               : DEFAULT
TEST_REPEAT_SINGLETHREADED : 2
TEST_REPEAT_MULTITHREADED  : 2
TEST_MULTITHREADED_THREADS : 2
TEST_TIMEOUT               : 600 seconds
TEST_LONG_RUNNING          : false
TEST_TRACE                 : false
TEST_ON_LOW_MEMORY         : false
========================================================
..WARNING! SevenZip native libraray was build without object tracing debug function.
..
Time: 0.078

OK (2 tests)

<end of output>
Test time =   0.26 sec
----------------------------------------------------------
Test Passed.
"JUnit-encoding-cp1252" end time: May 31 20:11 UTC
"JUnit-encoding-cp1252" time elapsed: 00:00:00
----------------------------------------------------------

12/18 Testing: JUnit-encoding-cp1251
12/18 Test: JUnit-encoding-cp1251
Command: "/usr/local/bin/cmake" "-D" "RUNTIME_JAVA_OPTS=" "-D" "SINGLEBUNDLE=Encoding tests 3" "-D" "JAVA_OPT=-Dfile.encoding%3DCP1251" "-P" "/tmp/workspace/xexes/sevenzipjbinding/build-test/JUnitRunner.cmake"
Directory: /tmp/workspace/xexes/sevenzipjbinding/build-test
"JUnit-encoding-cp1251" start time: May 31 20:11 UTC
Output:
----------------------------------------------------------
JUnit version 4.11
== TEST CONFIGURATION ==================================
TEST_PROFILE               : DEFAULT
TEST_REPEAT_SINGLETHREADED : 2
TEST_REPEAT_MULTITHREADED  : 2
TEST_MULTITHREADED_THREADS : 2
TEST_TIMEOUT               : 600 seconds
TEST_LONG_RUNNING          : false
TEST_TRACE                 : false
TEST_ON_LOW_MEMORY         : false
========================================================
..WARNING! SevenZip native libraray was build without object tracing debug function.
..
Time: 0.076

OK (2 tests)

<end of output>
Test time =   0.25 sec
----------------------------------------------------------
Test Passed.
"JUnit-encoding-cp1251" end time: May 31 20:11 UTC
"JUnit-encoding-cp1251" time elapsed: 00:00:00
----------------------------------------------------------

13/18 Testing: JUnit-bug-reports
13/18 Test: JUnit-bug-reports
Command: "/usr/local/bin/cmake" "-D" "RUNTIME_JAVA_OPTS=" "-D" "SINGLEBUNDLE=Bug report tests" "-P" "/tmp/workspace/xexes/sevenzipjbinding/build-test/JUnitRunner.cmake"
Directory: /tmp/workspace/xexes/sevenzipjbinding/build-test
"JUnit-bug-reports" start time: May 31 20:11 UTC
Output:
----------------------------------------------------------
JUnit version 4.11
== TEST CONFIGURATION ==================================
TEST_PROFILE               : DEFAULT
TEST_REPEAT_SINGLETHREADED : 2
TEST_REPEAT_MULTITHREADED  : 2
TEST_MULTITHREADED_THREADS : 2
TEST_TIMEOUT               : 600 seconds
TEST_LONG_RUNNING          : false
TEST_TRACE                 : false
TEST_ON_LOW_MEMORY         : false
========================================================
.............WARNING! SevenZip native libraray was build without object tracing debug function.
......................................
Time: 0.223

OK (31 tests)

<end of output>
Test time =   0.38 sec
----------------------------------------------------------
Test Passed.
"JUnit-bug-reports" end time: May 31 20:11 UTC
"JUnit-bug-reports" time elapsed: 00:00:00
----------------------------------------------------------

14/18 Testing: JUnit-single-file-extraction
14/18 Test: JUnit-single-file-extraction
Command: "/usr/local/bin/cmake" "-D" "RUNTIME_JAVA_OPTS=" "-D" "SINGLEBUNDLE=Single file tests" "-P" "/tmp/workspace/xexes/sevenzipjbinding/build-test/JUnitRunner.cmake"
Directory: /tmp/workspace/xexes/sevenzipjbinding/build-test
"JUnit-single-file-extraction" start time: May 31 20:11 UTC
Output:
----------------------------------------------------------
JUnit version 4.11
== TEST CONFIGURATION ==================================
TEST_PROFILE               : DEFAULT
TEST_REPEAT_SINGLETHREADED : 2
TEST_REPEAT_MULTITHREADED  : 2
TEST_MULTITHREADED_THREADS : 2
TEST_TIMEOUT               : 600 seconds
TEST_LONG_RUNNING          : false
TEST_TRACE                 : false
TEST_ON_LOW_MEMORY         : false
========================================================
..WARNING! SevenZip native libraray was build without object tracing debug function.
.............................................................................................................................................................
................................................................................................................................................................
................................................................................................................................................................
................................................................................................................................................................
................................................................................................................................................................
................................................................................................................................................................
................................................................................................................................................................
................................................................................................................................................................
................................................................................................................................................................
................................................................................................................................................................
................................................................................................................................................................
................................................................................................................................................................
................................................................................................................................................................
................................................................................................................................................................
................................................................................................................................................................
................................................................................................................................................................
................................................................................................................................................................
................................................................................................................................................................
................................................................................................................................................................
................................................................................................................................................................
................................................................................................................................................................
................................................................................................................................................................
................................................................................................................................................................
................................................................................................................................................................
................................................................................................................................................................
................................................................................................................................................................
................................................................................................................................................................
................................................................................................................................................................
................................................................................................................................................................
................................................................................................................................................................
................................................................................................................................................................
................................................................................................................................................................
................................................................................................................................................................
................................................................................................................................................................
................................................................................................................................................................
................................................................................................................................................................
................................................................................................................................................................
................................................................................................................................................................
.................................
Time: 107.438

OK (3056 tests)

<end of output>
Test time = 107.70 sec
----------------------------------------------------------
Test Passed.
"JUnit-single-file-extraction" end time: May 31 20:12 UTC
"JUnit-single-file-extraction" time elapsed: 00:01:47
----------------------------------------------------------

15/18 Testing: JUnit-multiple-files-extraction
15/18 Test: JUnit-multiple-files-extraction
Command: "/usr/local/bin/cmake" "-D" "RUNTIME_JAVA_OPTS=" "-D" "SINGLEBUNDLE=Multiple files tests" "-P" "/tmp/workspace/xexes/sevenzipjbinding/build-test/JUnitRunner.cmake"
Directory: /tmp/workspace/xexes/sevenzipjbinding/build-test
"JUnit-multiple-files-extraction" start time: May 31 20:12 UTC
Output:
----------------------------------------------------------
JUnit version 4.11
== TEST CONFIGURATION ==================================
TEST_PROFILE               : DEFAULT
TEST_REPEAT_SINGLETHREADED : 2
TEST_REPEAT_MULTITHREADED  : 2
TEST_MULTITHREADED_THREADS : 2
TEST_TIMEOUT               : 600 seconds
TEST_LONG_RUNNING          : false
TEST_TRACE                 : false
TEST_ON_LOW_MEMORY         : false
========================================================
..WARNING! SevenZip native libraray was build without object tracing debug function.
.............................................................................................................................................................
................................................................................................................................................................
................................................................................................................................................................
................................................................................................................................................................
................................................................................................................................................................
................................................................................................................................................................
................................................................................................................................................................
................................................................................................................................................................
................................................................................................................................................................
................................................................................................................................................................
................................................................................................................................................................
................................................................................................................................................................
................................................................................................................................................................
................................................................................................................................................................
.....................................................................................................
Time: 88.734

OK (1170 tests)

<end of output>
Test time =  88.97 sec
----------------------------------------------------------
Test Passed.
"JUnit-multiple-files-extraction" end time: May 31 20:14 UTC
"JUnit-multiple-files-extraction" time elapsed: 00:01:28
----------------------------------------------------------

16/18 Testing: JUnit-compression
16/18 Test: JUnit-compression
Command: "/usr/local/bin/cmake" "-D" "RUNTIME_JAVA_OPTS=" "-D" "SINGLEBUNDLE=Compression tests" "-P" "/tmp/workspace/xexes/sevenzipjbinding/build-test/JUnitRunner.cmake"
Directory: /tmp/workspace/xexes/sevenzipjbinding/build-test
"JUnit-compression" start time: May 31 20:14 UTC
Output:
----------------------------------------------------------
JUnit version 4.11
== TEST CONFIGURATION ==================================
TEST_PROFILE               : DEFAULT
TEST_REPEAT_SINGLETHREADED : 2
TEST_REPEAT_MULTITHREADED  : 2
TEST_MULTITHREADED_THREADS : 2
TEST_TIMEOUT               : 600 seconds
TEST_LONG_RUNNING          : false
TEST_TRACE                 : false
TEST_ON_LOW_MEMORY         : false
========================================================
..WARNING! SevenZip native libraray was build without object tracing debug function.
.............................................................................................................................................................
................................................................................................................................................................
................................................................................................................................................................
................................................................................................................................................................
................................................................................................................................................................
................................................................................................................................................................
................................................................................................................................................................
................................................................................................................................................................
................................................................................................................................................................
................................................................................................................................................................
................................................................................................................................................................
................................................................................................................................................................
................................................................................................................................................................
................................................................................................................................................................
................................................................................................................................................................
................................................................................................................................................................
................................................................................................................................................................
................................................................................................................................................................
................................................................................................................................................................
................................................................................................................................................................
................................................................................................................................................................
................................................................................................................................................................
................................................................................................................................................................
................................................................................................................................................................
................................................................................................................................................................
................................................................................................................................................................
................................................................................................................................................................
................................................................................................................................................................
.................................................................................................................................................
Time: 289.062

OK (2312 tests)

<end of output>
Test time = 289.48 sec
----------------------------------------------------------
Test Passed.
"JUnit-compression" end time: May 31 20:19 UTC
"JUnit-compression" time elapsed: 00:04:49
----------------------------------------------------------

17/18 Testing: JUnit-badarchive
17/18 Test: JUnit-badarchive
Command: "/usr/local/bin/cmake" "-D" "RUNTIME_JAVA_OPTS=" "-D" "SINGLEBUNDLE=Bad archive tests" "-P" "/tmp/workspace/xexes/sevenzipjbinding/build-test/JUnitRunner.cmake"
Directory: /tmp/workspace/xexes/sevenzipjbinding/build-test
"JUnit-badarchive" start time: May 31 20:19 UTC
Output:
----------------------------------------------------------
JUnit version 4.11
== TEST CONFIGURATION ==================================
TEST_PROFILE               : DEFAULT
TEST_REPEAT_SINGLETHREADED : 2
TEST_REPEAT_MULTITHREADED  : 2
TEST_MULTITHREADED_THREADS : 2
TEST_TIMEOUT               : 600 seconds
TEST_LONG_RUNNING          : false
TEST_TRACE                 : false
TEST_ON_LOW_MEMORY         : false
========================================================
..WARNING! SevenZip native libraray was build without object tracing debug function.
..................................................................................................
Time: 2.186

OK (50 tests)

<end of output>
Test time =   2.38 sec
----------------------------------------------------------
Test Passed.
"JUnit-badarchive" end time: May 31 20:19 UTC
"JUnit-badarchive" time elapsed: 00:00:02
----------------------------------------------------------

18/18 Testing: JUnit-misc
18/18 Test: JUnit-misc
Command: "/usr/local/bin/cmake" "-D" "RUNTIME_JAVA_OPTS=" "-D" "SINGLEBUNDLE=Misc tests" "-P" "/tmp/workspace/xexes/sevenzipjbinding/build-test/JUnitRunner.cmake"
Directory: /tmp/workspace/xexes/sevenzipjbinding/build-test
"JUnit-misc" start time: May 31 20:19 UTC
Output:
----------------------------------------------------------
JUnit version 4.11
== TEST CONFIGURATION ==================================
TEST_PROFILE               : DEFAULT
TEST_REPEAT_SINGLETHREADED : 2
TEST_REPEAT_MULTITHREADED  : 2
TEST_MULTITHREADED_THREADS : 2
TEST_TIMEOUT               : 600 seconds
TEST_LONG_RUNNING          : false
TEST_TRACE                 : false
TEST_ON_LOW_MEMORY         : false
========================================================
..WARNING! SevenZip native libraray was build without object tracing debug function.
....
Time: 0.161

OK (3 tests)

<end of output>
Test time =   0.30 sec
----------------------------------------------------------
Test Passed.
"JUnit-misc" end time: May 31 20:19 UTC
"JUnit-misc" time elapsed: 00:00:00
----------------------------------------------------------

End testing: May 31 20:19 UTC
