Start testing: May 26 19:58 UTC
----------------------------------------------------------
16/18 Testing: JUnit-compression
16/18 Test: JUnit-compression
Command: "/usr/local/bin/cmake" "-D" "RUNTIME_JAVA_OPTS=" "-D" "SINGLEBUNDLE=Compression tests" "-P" "/tmp/workspace/xexes/sevenzipjbinding/build-local/JUnitRunner.cmake"
Directory: /tmp/workspace/xexes/sevenzipjbinding/build-local
"JUnit-compression" start time: May 26 19:58 UTC
Output:
----------------------------------------------------------
JUnit version 4.11
Could not find class: net.sf.sevenzipjbinding.junit.AllTestSuite

Time: 0.001

OK (0 tests)

CMake Error at JUnitRunner.cmake:8 (MESSAGE):
  Error during JUnit Tests.  Return code: 1


<end of output>
Test time =   0.85 sec
----------------------------------------------------------
Test Failed.
"JUnit-compression" end time: May 26 19:58 UTC
"JUnit-compression" time elapsed: 00:00:00
----------------------------------------------------------

End testing: May 26 19:58 UTC
